[info   ] [FileManager]: Data files will be fetched from: '/nix/store/pdk9747y9idvmidns55b7ssm9iai7jnm-supertuxkart-1.0/share/supertuxkart/data/'
[info   ] [FileManager]: User directory is '/home/josephtheengineer/.config/supertuxkart/config-0.10/'.
[info   ] [FileManager]: Addons files will be stored in '/home/josephtheengineer/.local/share/supertuxkart/addons/'.
[info   ] [FileManager]: Screenshots will be stored in '/home/josephtheengineer/.local/share/supertuxkart/screenshots/'.
[info   ] [FileManager]: User-defined grand prix will be stored in '/home/josephtheengineer/.local/share/supertuxkart/grandprix/'.
[info   ] [FileManager]: Asset 0 will be loaded from '/nix/store/pdk9747y9idvmidns55b7ssm9iai7jnm-supertuxkart-1.0/share/supertuxkart/data/challenges/'.
[info   ] [FileManager]: Asset 1 will be loaded from '/nix/store/pdk9747y9idvmidns55b7ssm9iai7jnm-supertuxkart-1.0/share/supertuxkart/data/gfx/'.
[info   ] [FileManager]: Asset 2 will be loaded from '/nix/store/pdk9747y9idvmidns55b7ssm9iai7jnm-supertuxkart-1.0/share/supertuxkart/data/grandprix/'.
[info   ] [FileManager]: Asset 3 will be loaded from '/nix/store/pdk9747y9idvmidns55b7ssm9iai7jnm-supertuxkart-1.0/share/supertuxkart/data/gui/icons/'.
[info   ] [FileManager]: Asset 4 will be loaded from '/nix/store/pdk9747y9idvmidns55b7ssm9iai7jnm-supertuxkart-1.0/share/supertuxkart/data/gui/screens/'.
[info   ] [FileManager]: Asset 5 will be loaded from '/nix/store/pdk9747y9idvmidns55b7ssm9iai7jnm-supertuxkart-1.0/share/supertuxkart/data/gui/dialogs/'.
[info   ] [FileManager]: Asset 6 will be loaded from '/nix/store/pdk9747y9idvmidns55b7ssm9iai7jnm-supertuxkart-1.0/share/supertuxkart/data/library/'.
[info   ] [FileManager]: Asset 7 will be loaded from '/nix/store/pdk9747y9idvmidns55b7ssm9iai7jnm-supertuxkart-1.0/share/supertuxkart/data/models/'.
[info   ] [FileManager]: Asset 8 will be loaded from '/nix/store/pdk9747y9idvmidns55b7ssm9iai7jnm-supertuxkart-1.0/share/supertuxkart/data/music/'.
[info   ] [FileManager]: Asset 9 will be loaded from '/nix/store/pdk9747y9idvmidns55b7ssm9iai7jnm-supertuxkart-1.0/share/supertuxkart/data/replay/'.
[info   ] [FileManager]: Asset 10 will be loaded from '/nix/store/pdk9747y9idvmidns55b7ssm9iai7jnm-supertuxkart-1.0/share/supertuxkart/data/tracks/'.
[info   ] [FileManager]: Asset 11 will be loaded from '/nix/store/pdk9747y9idvmidns55b7ssm9iai7jnm-supertuxkart-1.0/share/supertuxkart/data/sfx/'.
[info   ] [FileManager]: Asset 12 will be loaded from '/nix/store/pdk9747y9idvmidns55b7ssm9iai7jnm-supertuxkart-1.0/share/supertuxkart/data/shaders/'.
[info   ] [FileManager]: Asset 13 will be loaded from '/nix/store/pdk9747y9idvmidns55b7ssm9iai7jnm-supertuxkart-1.0/share/supertuxkart/data/skins/'.
[info   ] [FileManager]: Asset 14 will be loaded from '/nix/store/pdk9747y9idvmidns55b7ssm9iai7jnm-supertuxkart-1.0/share/supertuxkart/data/textures/'.
[info   ] [FileManager]: Asset 15 will be loaded from '/nix/store/pdk9747y9idvmidns55b7ssm9iai7jnm-supertuxkart-1.0/share/supertuxkart/data/ttf/'.
[info   ] [FileManager]: Asset 16 will be loaded from '/nix/store/pdk9747y9idvmidns55b7ssm9iai7jnm-supertuxkart-1.0/share/supertuxkart/data/po/'.
[verbose  ] translation: Env var LANGUAGE = 'en_US.UTF-8'.
[verbose  ] translation: Language 'English (United States)'.
[info   ] tinygettext: Adding language fallback en

[info   ] IrrDriver: OpenGL version: 4.5
[info   ] IrrDriver: OpenGL vendor: Intel Open Source Technology Center
[info   ] IrrDriver: OpenGL renderer: Mesa DRI Intel(R) HD Graphics 520 (Skylake GT2) 
[info   ] IrrDriver: OpenGL version string: 4.5 (Core Profile) Mesa 18.3.4
[info   ] GLDriver: ARB Buffer Storage Present
[info   ] GLDriver: ARB Compute Shader Present
[info   ] GLDriver: ARB Arrays of Arrays Present
[info   ] GLDriver: ARB Texture Storage Present
[info   ] GLDriver: ARB Texture View Present
[info   ] GLDriver: ARB Image Load Store Present
[info   ] GLDriver: ARB Shader Atomic Counters Present
[info   ] GLDriver: ARB Shader Storage Buffer Object Present
[info   ] GLDriver: EXT Texture Compression S3TC Present
[info   ] GLDriver: ARB Uniform Buffer Object Present
[info   ] GLDriver: ARB Explicit Attrib Location Present
[info   ] GLDriver: EXT Texture Filter Anisotropic Present
[info   ] GLDriver: Geometry Shaders Present
[info   ] GLDriver: ARB Texture Buffer Object Present
[info   ] GLDriver: ARB Texture Swizzle Present
[info   ] GLDriver: ARB Pixel Buffer Object Present
[info   ] GLDriver: ARB Sampler Objects Present
[info   ] GLDriver: ARB Vertex Type 2_10_10_10_rev Present
[info   ] GLDriver: ARB Instanced Arrays Present
[info   ] SharedGPUObjects: Hardware Skinning enabled, method: TBO, max bones: 1024
[info   ] ShaderFilesManager: Compiling shader: /nix/store/pdk9747y9idvmidns55b7ssm9iai7jnm-supertuxkart-1.0/share/supertuxkart/data/shaders/sp_pass.vert
[info   ] ShaderFilesManager: Compiling shader: /nix/store/pdk9747y9idvmidns55b7ssm9iai7jnm-supertuxkart-1.0/share/supertuxkart/data/shaders/sp_solid.frag
[info   ] ShaderFilesManager: Compiling shader: /nix/store/pdk9747y9idvmidns55b7ssm9iai7jnm-supertuxkart-1.0/share/supertuxkart/data/shaders/sp_shadow.vert
[info   ] ShaderFilesManager: Compiling shader: /nix/store/pdk9747y9idvmidns55b7ssm9iai7jnm-supertuxkart-1.0/share/supertuxkart/data/shaders/white.frag
[info   ] ShaderFilesManager: Compiling shader: /nix/store/pdk9747y9idvmidns55b7ssm9iai7jnm-supertuxkart-1.0/share/supertuxkart/data/shaders/sp_skinning.vert
[info   ] ShaderFilesManager: Compiling shader: /nix/store/pdk9747y9idvmidns55b7ssm9iai7jnm-supertuxkart-1.0/share/supertuxkart/data/shaders/sp_skinning_shadow.vert
[info   ] ShaderFilesManager: Compiling shader: /nix/store/pdk9747y9idvmidns55b7ssm9iai7jnm-supertuxkart-1.0/share/supertuxkart/data/shaders/sp_normal_map.frag
[info   ] ShaderFilesManager: Compiling shader: /nix/store/pdk9747y9idvmidns55b7ssm9iai7jnm-supertuxkart-1.0/share/supertuxkart/data/shaders/sp_alpha_test.frag
[info   ] ShaderFilesManager: Compiling shader: /nix/store/pdk9747y9idvmidns55b7ssm9iai7jnm-supertuxkart-1.0/share/supertuxkart/data/shaders/sp_shadow_alpha_test.frag
[info   ] ShaderFilesManager: Compiling shader: /nix/store/pdk9747y9idvmidns55b7ssm9iai7jnm-supertuxkart-1.0/share/supertuxkart/data/shaders/sp_decal.frag
[info   ] ShaderFilesManager: Compiling shader: /nix/store/pdk9747y9idvmidns55b7ssm9iai7jnm-supertuxkart-1.0/share/supertuxkart/data/shaders/sp_grass_pass.vert
[info   ] ShaderFilesManager: Compiling shader: /nix/store/pdk9747y9idvmidns55b7ssm9iai7jnm-supertuxkart-1.0/share/supertuxkart/data/shaders/sp_grass.frag
[info   ] ShaderFilesManager: Compiling shader: /nix/store/pdk9747y9idvmidns55b7ssm9iai7jnm-supertuxkart-1.0/share/supertuxkart/data/shaders/sp_grass_shadow.vert
[info   ] ShaderFilesManager: Compiling shader: /nix/store/pdk9747y9idvmidns55b7ssm9iai7jnm-supertuxkart-1.0/share/supertuxkart/data/shaders/sp_unlit.frag
[info   ] ShaderFilesManager: Compiling shader: /nix/store/pdk9747y9idvmidns55b7ssm9iai7jnm-supertuxkart-1.0/share/supertuxkart/data/shaders/sp_transparent.frag
[info   ] ShaderFilesManager: Compiling shader: /nix/store/pdk9747y9idvmidns55b7ssm9iai7jnm-supertuxkart-1.0/share/supertuxkart/data/shaders/sp_ghost.frag
[info   ] ShaderFilesManager: Compiling shader: /nix/store/pdk9747y9idvmidns55b7ssm9iai7jnm-supertuxkart-1.0/share/supertuxkart/data/shaders/sp_dynamic_night_bloom.frag
[info   ] ShaderFilesManager: Compiling shader: /nix/store/pdk9747y9idvmidns55b7ssm9iai7jnm-supertuxkart-1.0/share/supertuxkart/data/shaders/sp_tilling_mitigation.frag
[info   ] ShaderFilesManager: Compiling shader: /nix/store/pdk9747y9idvmidns55b7ssm9iai7jnm-supertuxkart-1.0/share/supertuxkart/data/shaders/sp_vertical_mapping.frag
[info   ] ShaderFilesManager: Compiling shader: /nix/store/pdk9747y9idvmidns55b7ssm9iai7jnm-supertuxkart-1.0/share/supertuxkart/data/shaders/sp_road_blending.frag
[info   ] ShaderFilesManager: Compiling shader: /nix/store/pdk9747y9idvmidns55b7ssm9iai7jnm-supertuxkart-1.0/share/supertuxkart/data/shaders/sp_displace.frag
[info   ] ShaderFilesManager: Compiling shader: /nix/store/pdk9747y9idvmidns55b7ssm9iai7jnm-supertuxkart-1.0/share/supertuxkart/data/shaders/colorize.frag
[info   ] ShaderFilesManager: Compiling shader: /nix/store/pdk9747y9idvmidns55b7ssm9iai7jnm-supertuxkart-1.0/share/supertuxkart/data/shaders/sp_normal_visualizer.vert
[info   ] ShaderFilesManager: Compiling shader: /nix/store/pdk9747y9idvmidns55b7ssm9iai7jnm-supertuxkart-1.0/share/supertuxkart/data/shaders/sp_normal_visualizer.geom
[info   ] ShaderFilesManager: Compiling shader: /nix/store/pdk9747y9idvmidns55b7ssm9iai7jnm-supertuxkart-1.0/share/supertuxkart/data/shaders/sp_normal_visualizer.frag
[info   ] ShaderFilesManager: Compiling shader: /nix/store/pdk9747y9idvmidns55b7ssm9iai7jnm-supertuxkart-1.0/share/supertuxkart/data/shaders/screenquad.vert
[info   ] ShaderFilesManager: Compiling shader: /nix/store/pdk9747y9idvmidns55b7ssm9iai7jnm-supertuxkart-1.0/share/supertuxkart/data/shaders/motion_blur.frag
[info   ] ShaderFilesManager: Compiling shader: /nix/store/pdk9747y9idvmidns55b7ssm9iai7jnm-supertuxkart-1.0/share/supertuxkart/data/shaders/lightning.frag
[info   ] ShaderFilesManager: Compiling shader: /nix/store/pdk9747y9idvmidns55b7ssm9iai7jnm-supertuxkart-1.0/share/supertuxkart/data/shaders/primitive2dlist.vert
[info   ] ShaderFilesManager: Compiling shader: /nix/store/pdk9747y9idvmidns55b7ssm9iai7jnm-supertuxkart-1.0/share/supertuxkart/data/shaders/transparent.frag
[info   ] ShaderFilesManager: Compiling shader: /nix/store/pdk9747y9idvmidns55b7ssm9iai7jnm-supertuxkart-1.0/share/supertuxkart/data/shaders/texturedquad.vert
[info   ] ShaderFilesManager: Compiling shader: /nix/store/pdk9747y9idvmidns55b7ssm9iai7jnm-supertuxkart-1.0/share/supertuxkart/data/shaders/uniformcolortexturedquad.frag
[info   ] ShaderFilesManager: Compiling shader: /nix/store/pdk9747y9idvmidns55b7ssm9iai7jnm-supertuxkart-1.0/share/supertuxkart/data/shaders/texturedquad.frag
[info   ] ShaderFilesManager: Compiling shader: /nix/store/pdk9747y9idvmidns55b7ssm9iai7jnm-supertuxkart-1.0/share/supertuxkart/data/shaders/coloredquad.vert
[info   ] ShaderFilesManager: Compiling shader: /nix/store/pdk9747y9idvmidns55b7ssm9iai7jnm-supertuxkart-1.0/share/supertuxkart/data/shaders/coloredquad.frag
[info   ] ShaderFilesManager: Compiling shader: /nix/store/pdk9747y9idvmidns55b7ssm9iai7jnm-supertuxkart-1.0/share/supertuxkart/data/shaders/colortexturedquad.vert
[info   ] ShaderFilesManager: Compiling shader: /nix/store/pdk9747y9idvmidns55b7ssm9iai7jnm-supertuxkart-1.0/share/supertuxkart/data/shaders/colortexturedquad.frag
[info   ] irr_driver: GLSL supported.
[info   ] HTTPRequest: Downloading https://online.supertuxkart.net/dl/xml/online_news.xml
[info   ] GrandPrixManager: Loading Grand Prix files from /nix/store/pdk9747y9idvmidns55b7ssm9iai7jnm-supertuxkart-1.0/share/supertuxkart/data/grandprix/
[info   ] GrandPrixManager: Loading Grand Prix files from /home/josephtheengineer/.local/share/supertuxkart/grandprix/
[info   ] HTTPRequest: Downloading https://online.supertuxkart.net/dl/xml/online_news.xml
[error  ] news: Error downloading news: 'SSL peer certificate or SSH remote key was not OK'.
[info   ] ShaderFilesManager: Compiling shader: /nix/store/pdk9747y9idvmidns55b7ssm9iai7jnm-supertuxkart-1.0/share/supertuxkart/data/shaders/simple_particle.vert
[info   ] ShaderFilesManager: Compiling shader: /nix/store/pdk9747y9idvmidns55b7ssm9iai7jnm-supertuxkart-1.0/share/supertuxkart/data/shaders/simple_particle.frag
[info   ] ShaderFilesManager: Compiling shader: /nix/store/pdk9747y9idvmidns55b7ssm9iai7jnm-supertuxkart-1.0/share/supertuxkart/data/shaders/alphatest_particle.vert
[info   ] ShaderFilesManager: Compiling shader: /nix/store/pdk9747y9idvmidns55b7ssm9iai7jnm-supertuxkart-1.0/share/supertuxkart/data/shaders/alphatest_particle.frag
[info   ] ShaderFilesManager: Compiling shader: /nix/store/pdk9747y9idvmidns55b7ssm9iai7jnm-supertuxkart-1.0/share/supertuxkart/data/shaders/degraded_ibl.frag
[info   ] ShaderFilesManager: Compiling shader: /nix/store/pdk9747y9idvmidns55b7ssm9iai7jnm-supertuxkart-1.0/share/supertuxkart/data/shaders/sunlight.frag
[info   ] ShaderFilesManager: Compiling shader: /nix/store/pdk9747y9idvmidns55b7ssm9iai7jnm-supertuxkart-1.0/share/supertuxkart/data/shaders/pointlight.vert
[info   ] ShaderFilesManager: Compiling shader: /nix/store/pdk9747y9idvmidns55b7ssm9iai7jnm-supertuxkart-1.0/share/supertuxkart/data/shaders/pointlight.frag
[info   ] ShaderFilesManager: Compiling shader: /nix/store/pdk9747y9idvmidns55b7ssm9iai7jnm-supertuxkart-1.0/share/supertuxkart/data/shaders/combine_diffuse_color.frag
[info   ] ShaderFilesManager: Compiling shader: /nix/store/pdk9747y9idvmidns55b7ssm9iai7jnm-supertuxkart-1.0/share/supertuxkart/data/shaders/glow.frag
[info   ] ShaderFilesManager: Compiling shader: /nix/store/pdk9747y9idvmidns55b7ssm9iai7jnm-supertuxkart-1.0/share/supertuxkart/data/shaders/tonemap.frag
[info   ] ShaderFilesManager: Compiling shader: /nix/store/pdk9747y9idvmidns55b7ssm9iai7jnm-supertuxkart-1.0/share/supertuxkart/data/shaders/mlaa_color1.frag
[info   ] ShaderFilesManager: Compiling shader: /nix/store/pdk9747y9idvmidns55b7ssm9iai7jnm-supertuxkart-1.0/share/supertuxkart/data/shaders/mlaa_blend2.frag
[info   ] ShaderFilesManager: Compiling shader: /nix/store/pdk9747y9idvmidns55b7ssm9iai7jnm-supertuxkart-1.0/share/supertuxkart/data/shaders/mlaa_neigh3.frag
[warn   ] LayoutManager: Statically sized widgets took all the place!!
[warn   ] LayoutManager: Statically sized widgets took all the place!!
[warn   ] AbstractTopLevelContainer::addWidgetsRecursively: Widget target-type-spinner of type 1 has no dimensions
[warn   ] AbstractTopLevelContainer::addWidgetsRecursively: Widget target-type-text of type 5 has no dimensions
[verbose  ] RaceManager: Nb of karts=9, ghost karts:0 ai:8 players:1

[info   ] Track: Overall scene complexity estimated at 154
[info   ] ShaderFilesManager: Compiling shader: /nix/store/pdk9747y9idvmidns55b7ssm9iai7jnm-supertuxkart-1.0/share/supertuxkart/data/shaders/importance_sampling_specular.frag
[info   ] ShaderFilesManager: Compiling shader: /nix/store/pdk9747y9idvmidns55b7ssm9iai7jnm-supertuxkart-1.0/share/supertuxkart/data/shaders/IBL.frag
[info   ] ShaderFilesManager: Compiling shader: /nix/store/pdk9747y9idvmidns55b7ssm9iai7jnm-supertuxkart-1.0/share/supertuxkart/data/shaders/sunlightshadow.frag
[info   ] ShaderFilesManager: Compiling shader: /nix/store/pdk9747y9idvmidns55b7ssm9iai7jnm-supertuxkart-1.0/share/supertuxkart/data/shaders/pointlightscatter.frag
[info   ] ShaderFilesManager: Compiling shader: /nix/store/pdk9747y9idvmidns55b7ssm9iai7jnm-supertuxkart-1.0/share/supertuxkart/data/shaders/gaussian6v.comp
[info   ] ShaderFilesManager: Compiling shader: /nix/store/pdk9747y9idvmidns55b7ssm9iai7jnm-supertuxkart-1.0/share/supertuxkart/data/shaders/gaussian6h.comp
[info   ] ShaderFilesManager: Compiling shader: /nix/store/pdk9747y9idvmidns55b7ssm9iai7jnm-supertuxkart-1.0/share/supertuxkart/data/shaders/sky.vert
[info   ] ShaderFilesManager: Compiling shader: /nix/store/pdk9747y9idvmidns55b7ssm9iai7jnm-supertuxkart-1.0/share/supertuxkart/data/shaders/sky.frag
[info   ] ShaderFilesManager: Compiling shader: /nix/store/pdk9747y9idvmidns55b7ssm9iai7jnm-supertuxkart-1.0/share/supertuxkart/data/shaders/dof.frag
[info   ] ShaderFilesManager: Compiling shader: /nix/store/pdk9747y9idvmidns55b7ssm9iai7jnm-supertuxkart-1.0/share/supertuxkart/data/shaders/bloom.frag
[info   ] ShaderFilesManager: Compiling shader: /nix/store/pdk9747y9idvmidns55b7ssm9iai7jnm-supertuxkart-1.0/share/supertuxkart/data/shaders/gaussian6h.frag
[info   ] ShaderFilesManager: Compiling shader: /nix/store/pdk9747y9idvmidns55b7ssm9iai7jnm-supertuxkart-1.0/share/supertuxkart/data/shaders/bloomblend.frag
[info   ] ShaderFilesManager: Compiling shader: /nix/store/pdk9747y9idvmidns55b7ssm9iai7jnm-supertuxkart-1.0/share/supertuxkart/data/shaders/lensblend.frag
[info   ] ShaderFilesManager: Compiling shader: /nix/store/pdk9747y9idvmidns55b7ssm9iai7jnm-supertuxkart-1.0/share/supertuxkart/data/shaders/passthrough.frag
[warn   ] MusicOgg: Music not playing when it should be. Source state: 4116
[info   ] Singleton: Destroyed singleton.
[info   ] Singleton: Destroyed singleton.
[info   ] Singleton: Destroyed singleton.
[info   ] Singleton: Destroyed singleton.
[info   ] Singleton: Destroyed singleton.
[info   ] Singleton: Destroyed singleton.
[info   ] Singleton: Destroyed singleton.
[info   ] Singleton: Destroyed singleton.
[info   ] Singleton: Destroyed singleton.
[info   ] Singleton: Destroyed singleton.
[info   ] Singleton: Destroyed singleton.
[info   ] Singleton: Destroyed singleton.
[info   ] Singleton: Destroyed singleton.
[info   ] Singleton: Destroyed singleton.
[info   ] Singleton: Destroyed singleton.
[info   ] Singleton: Destroyed singleton.
[info   ] Singleton: Destroyed singleton.
[info   ] Singleton: Destroyed singleton.
[info   ] Singleton: Destroyed singleton.
[info   ] Singleton: Destroyed singleton.
[info   ] Singleton: Destroyed singleton.
[info   ] Singleton: Destroyed singleton.
[info   ] Singleton: Destroyed singleton.
[info   ] Singleton: Destroyed singleton.
[info   ] Singleton: Destroyed singleton.
[info   ] Singleton: Destroyed singleton.
[info   ] Singleton: Destroyed singleton.
[info   ] Singleton: Destroyed singleton.
[info   ] Singleton: Destroyed singleton.
[info   ] Singleton: Destroyed singleton.
[info   ] Singleton: Destroyed singleton.
[info   ] Singleton: Destroyed singleton.
[info   ] Singleton: Destroyed singleton.
[info   ] Singleton: Destroyed singleton.
[info   ] Singleton: Destroyed singleton.
[info   ] Singleton: Destroyed singleton.
[info   ] Singleton: Destroyed singleton.
