Desktop is 1366 x 768 @ 60 Hz
Initialize engine version: 2018.4.18f1 (61fce66342ad)
GfxDevice: creating device client; threaded=1
Renderer: Mesa Intel(R) HD Graphics 630 (KBL GT2)
Vendor:   Intel
Version:  4.6 (Core Profile) Mesa 20.0.2
GLES:     0
 GL_3DFX_texture_compression_FXT1 GL_AMD_conservative_depth GL_AMD_depth_clamp_separate GL_AMD_draw_buffers_blend GL_AMD_gpu_shader_int64 GL_AMD_multi_draw_indirect GL_AMD_performance_monitor GL_AMD_pinned_memory GL_AMD_query_buffer_object GL_AMD_seamless_cubemap_per_texture GL_AMD_shader_stencil_export GL_AMD_shader_trinary_minmax GL_AMD_texture_texture4 GL_AMD_vertex_shader_layer GL_AMD_vertex_shader_viewport_index GL_ANGLE_texture_compression_dxt3 GL_ANGLE_texture_compression_dxt5 GL_ARB_ES2_compatibility GL_ARB_ES3_1_compatibility GL_ARB_ES3_2_compatibility GL_ARB_ES3_compatibility GL_ARB_arrays_of_arrays GL_ARB_base_instance GL_ARB_blend_func_extended GL_ARB_buffer_storage GL_ARB_clear_buffer_object GL_ARB_clear_texture GL_ARB_clip_control GL_ARB_compressed_texture_pixel_storage GL_ARB_compute_shader GL_ARB_conditional_render_inverted GL_ARB_conservative_depth GL_ARB_copy_buffer GL_ARB_copy_image GL_ARB_cull_distance GL_ARB_debug_output GL_ARB_depth_buffer_float GL_ARB_depth_clamp GL_ARB_derivative_cont
rol GL_ARB_direct_state_access GL_ARB_draw_buffers GL_ARB_draw_buffers_blend GL_ARB_draw_elements_base_vertex GL_ARB_draw_indirect GL_ARB_draw_instanced GL_ARB_enhanced_layouts GL_ARB_explicit_attrib_location GL_ARB_explicit_uniform_location GL_ARB_fragment_coord_conventions GL_ARB_fragment_layer_viewport GL_ARB_fragment_shader GL_ARB_fragment_shader_interlock GL_ARB_framebuffer_no_attachments GL_ARB_framebuffer_object GL_ARB_framebuffer_sRGB GL_ARB_get_program_binary GL_ARB_get_texture_sub_image GL_ARB_gl_spirv GL_ARB_gpu_shader5 GL_ARB_gpu_shader_fp64 GL_ARB_gpu_shader_int64 GL_ARB_half_float_pixel GL_ARB_half_float_vertex GL_ARB_indirect_parameters GL_ARB_instanced_arrays GL_ARB_internalformat_query GL_ARB_internalformat_query2 GL_ARB_invalidate_subdata GL_ARB_map_buffer_alignment GL_ARB_map_buffer_range GL_ARB_multi_bind GL_ARB_multi_draw_indirect GL_ARB_occlusion_query2 GL_ARB_parallel_shader_compile GL_ARB_pipeline_statistics_query GL_ARB_pixel_buffer_object GL_ARB_point_sprite GL_ARB_polygon_offset_cl
amp GL_ARB_post_depth_coverage GL_ARB_program_interface_query GL_ARB_provoking_vertex GL_ARB_query_buffer_object GL_ARB_robust_buffer_access_behavior GL_ARB_robustness GL_ARB_sample_shading GL_ARB_sampler_objects GL_ARB_seamless_cube_map GL_ARB_seamless_cubemap_per_texture GL_ARB_separate_shader_objects GL_ARB_shader_atomic_counter_ops GL_ARB_shader_atomic_counters GL_ARB_shader_ballot GL_ARB_shader_bit_encoding GL_ARB_shader_clock GL_ARB_shader_draw_parameters GL_ARB_shader_group_vote GL_ARB_shader_image_load_store GL_ARB_shader_image_size GL_ARB_shader_objects GL_ARB_shader_precision GL_ARB_shader_stencil_export GL_ARB_shader_storage_buffer_object GL_ARB_shader_subroutine GL_ARB_shader_texture_image_samples GL_ARB_shader_texture_lod GL_ARB_shader_viewport_layer_array GL_ARB_shading_language_420pack GL_ARB_shading_language_include GL_ARB_shading_language_packing GL_ARB_spirv_extensions GL_ARB_stencil_texturing GL_ARB_sync GL_ARB_tessellation_shader GL_ARB_texture_barrier GL_ARB_texture_buffer_object GL_ARB_
texture_buffer_object_rgb32 GL_ARB_texture_buffer_range GL_ARB_texture_compression_bptc GL_ARB_texture_compression_rgtc GL_ARB_texture_cube_map_array GL_ARB_texture_filter_anisotropic GL_ARB_texture_float GL_ARB_texture_gather GL_ARB_texture_mirror_clamp_to_edge GL_ARB_texture_multisample GL_ARB_texture_non_power_of_two GL_ARB_texture_query_levels GL_ARB_texture_query_lod GL_ARB_texture_rectangle GL_ARB_texture_rg GL_ARB_texture_rgb10_a2ui GL_ARB_texture_stencil8 GL_ARB_texture_storage GL_ARB_texture_storage_multisample GL_ARB_texture_swizzle GL_ARB_texture_view GL_ARB_timer_query GL_ARB_transform_feedback2 GL_ARB_transform_feedback3 GL_ARB_transform_feedback_instanced GL_ARB_transform_feedback_overflow_query GL_ARB_uniform_buffer_object GL_ARB_vertex_array_bgra GL_ARB_vertex_array_object GL_ARB_vertex_attrib_64bit GL_ARB_vertex_attrib_binding GL_ARB_vertex_buffer_object GL_ARB_vertex_shader GL_ARB_vertex_type_10f_11f_11f_rev GL_ARB_vertex_type_2_10_10_10_rev GL_ARB_viewport_array GL_ATI_blend_equation_separ
ate GL_ATI_texture_float GL_EXT_EGL_image_storage GL_EXT_EGL_sync GL_EXT_abgr GL_EXT_blend_equation_separate GL_EXT_demote_to_helper_invocation GL_EXT_draw_buffers2 GL_EXT_draw_instanced GL_EXT_framebuffer_blit GL_EXT_framebuffer_multisample GL_EXT_framebuffer_multisample_blit_scaled GL_EXT_framebuffer_object GL_EXT_framebuffer_sRGB GL_EXT_packed_depth_stencil GL_EXT_packed_float GL_EXT_pixel_buffer_object GL_EXT_polygon_offset_clamp GL_EXT_provoking_vertex GL_EXT_shader_framebuffer_fetch GL_EXT_shader_framebuffer_fetch_non_coherent GL_EXT_shader_integer_mix GL_EXT_shader_samples_identical GL_EXT_texture_array GL_EXT_texture_compression_dxt1 GL_EXT_texture_compression_rgtc GL_EXT_texture_compression_s3tc GL_EXT_texture_filter_anisotropic GL_EXT_texture_integer GL_EXT_texture_sRGB GL_EXT_texture_sRGB_R8 GL_EXT_texture_sRGB_decode GL_EXT_texture_shadow_lod GL_EXT_texture_shared_exponent GL_EXT_texture_snorm GL_EXT_texture_swizzle GL_EXT_timer_query GL_EXT_transform_feedback GL_EXT_vertex_array_bgra GL_EXT_vert
ex_attrib_64bit GL_IBM_multimode_draw_arrays GL_INTEL_conservative_rasterization GL_INTEL_performance_query GL_INTEL_shader_atomic_float_minmax GL_INTEL_shader_integer_functions2 GL_KHR_blend_equation_advanced GL_KHR_blend_equation_advanced_coherent GL_KHR_context_flush_control GL_KHR_debug GL_KHR_no_error GL_KHR_parallel_shader_compile GL_KHR_robust_buffer_access_behavior GL_KHR_robustness GL_KHR_texture_compression_astc_ldr GL_KHR_texture_compression_astc_sliced_3d GL_MESA_framebuffer_flip_y GL_MESA_pack_invert GL_MESA_shader_integer_functions GL_MESA_texture_signed_rgba GL_NV_compute_shader_derivatives GL_NV_conditional_render GL_NV_depth_clamp GL_NV_fragment_shader_interlock GL_NV_packed_depth_stencil GL_NV_texture_barrier GL_OES_EGL_image GL_S3_s3tc
OPENGL LOG: Creating OpenGL 4.6 graphics device ; Context level  <OpenGL 4.5> ; Context handle 67156336
Begin MonoManager ReloadAssembly
- Completed reload, in  0.226 seconds
Default vsync count 0
requesting resize 1280 x 720
requesting fullscreen 1280 x 720 at 0 Hz
Setting up downscaled viewport at 1280 x 720
Desktop is 1366 x 768 @ 60 Hz
The referenced script on this Behaviour (Game Object 'ShipCamera') is missing!
 
(Filename:  Line: 294)

The referenced script on this Behaviour (Game Object 'FreeCamera') is missing!
 
(Filename:  Line: 294)

The referenced script on this Behaviour (Game Object 'GameOverCamera') is missing!
 
(Filename:  Line: 294)

The referenced script on this Behaviour (Game Object 'ShipCamera') is missing!
 
(Filename:  Line: 294)

The referenced script on this Behaviour (Game Object 'ShipCamera') is missing!
 
(Filename:  Line: 294)

UnloadTime: 16.698000 ms
Fallback handler could not load library /home/josephtheengineer/var/lib/Steam/steamapps/common/PULSARLostColony/PULSAR_LostColony_Data/Mono/libAudioPluginOculusSpatializer
Fallback handler could not load library /home/josephtheengineer/var/lib/Steam/steamapps/common/PULSARLostColony/PULSAR_LostColony_Data/Mono/libAudioPluginOculusSpatializer.so
Fallback handler could not load library /home/josephtheengineer/var/lib/Steam/steamapps/common/PULSARLostColony/PULSAR_LostColony_Data/Mono/AudioPluginOculusSpatializer
Fallback handler could not load library /home/josephtheengineer/var/lib/Steam/steamapps/common/PULSARLostColony/PULSAR_LostColony_Data/Mono/libAudioPluginOculusSpatializer
Fallback handler could not load library /home/josephtheengineer/var/lib/Steam/steamapps/common/PULSARLostColony/PULSAR_LostColony_Data/Mono/libAudioPluginOculusSpatializer.so
Fallback handler could not load library /home/josephtheengineer/var/lib/Steam/steamapps/common/PULSARLostColony/PULSAR_LostColony_Data/Mono/libAudioPluginOculusSpatializer
Fallback handler could not load library /home/josephtheengineer/var/lib/Steam/steamapps/common/PULSARLostColony/PULSAR_LostColony_Data/Mono/libAudioPluginOculusSpatializer
Fallback handler could not load library /home/josephtheengineer/var/lib/Steam/steamapps/common/PULSARLostColony/PULSAR_LostColony_Data/Mono/libAudioPluginOculusSpatializer.so
Fallback handler could not load library /home/josephtheengineer/var/lib/Steam/steamapps/common/PULSARLostColony/PULSAR_LostColony_Data/Mono/AudioPluginOculusSpatializer
Fallback handler could not load library /home/josephtheengineer/var/lib/Steam/steamapps/common/PULSARLostColony/PULSAR_LostColony_Data/Mono/libAudioPluginOculusSpatializer
Fallback handler could not load library /home/josephtheengineer/var/lib/Steam/steamapps/common/PULSARLostColony/PULSAR_LostColony_Data/Mono/libAudioPluginOculusSpatializer.so
Fallback handler could not load library /home/josephtheengineer/var/lib/Steam/steamapps/common/PULSARLostColony/PULSAR_LostColony_Data/Mono/libAudioPluginOculusSpatializer
Uploading Crash Report
DllNotFoundException: AudioPluginOculusSpatializer
  at (wrapper managed-to-native) ONSPAudioSource.OSP_SetGlobalVoiceLimit(int)
  at ONSPAudioSource.OnBeforeSceneLoadRuntimeMethod () [0x00005] in <c5c35a85f7a842bf87a60c6ba5f1bd7c>:0 
 
(Filename: <c5c35a85f7a842bf87a60c6ba5f1bd7c> Line: 0)

Fallback handler could not load library /home/josephtheengineer/var/lib/Steam/steamapps/common/PULSARLostColony/PULSAR_LostColony_Data/Mono/libPhotonCryptoPlugin
Fallback handler could not load library /home/josephtheengineer/var/lib/Steam/steamapps/common/PULSARLostColony/PULSAR_LostColony_Data/Mono/libPhotonCryptoPlugin.so
Fallback handler could not load library /home/josephtheengineer/var/lib/Steam/steamapps/common/PULSARLostColony/PULSAR_LostColony_Data/Mono/PhotonCryptoPlugin
Fallback handler could not load library /home/josephtheengineer/var/lib/Steam/steamapps/common/PULSARLostColony/PULSAR_LostColony_Data/Mono/libPhotonCryptoPlugin
Fallback handler could not load library /home/josephtheengineer/var/lib/Steam/steamapps/common/PULSARLostColony/PULSAR_LostColony_Data/Mono/libPhotonCryptoPlugin.so
Fallback handler could not load library /home/josephtheengineer/var/lib/Steam/steamapps/common/PULSARLostColony/PULSAR_LostColony_Data/Mono/libPhotonCryptoPlugin
Fallback handler could not load library /home/josephtheengineer/var/lib/Steam/steamapps/common/PULSARLostColony/PULSAR_LostColony_Data/Mono/libPhotonSocketPlugin
Fallback handler could not load library /home/josephtheengineer/var/lib/Steam/steamapps/common/PULSARLostColony/PULSAR_LostColony_Data/Mono/libPhotonSocketPlugin.so
Fallback handler could not load library /home/josephtheengineer/var/lib/Steam/steamapps/common/PULSARLostColony/PULSAR_LostColony_Data/Mono/PhotonSocketPlugin
Fallback handler could not load library /home/josephtheengineer/var/lib/Steam/steamapps/common/PULSARLostColony/PULSAR_LostColony_Data/Mono/libPhotonSocketPlugin
Fallback handler could not load library /home/josephtheengineer/var/lib/Steam/steamapps/common/PULSARLostColony/PULSAR_LostColony_Data/Mono/libPhotonSocketPlugin.so
Fallback handler could not load library /home/josephtheengineer/var/lib/Steam/steamapps/common/PULSARLostColony/PULSAR_LostColony_Data/Mono/libPhotonSocketPlugin
Fallback handler could not load library /home/josephtheengineer/var/lib/Steam/steamapps/common/PULSARLostColony/PULSAR_LostColony_Data/Mono/libPhotonEncryptorPlugin
Fallback handler could not load library /home/josephtheengineer/var/lib/Steam/steamapps/common/PULSARLostColony/PULSAR_LostColony_Data/Mono/libPhotonEncryptorPlugin.so
Fallback handler could not load library /home/josephtheengineer/var/lib/Steam/steamapps/common/PULSARLostColony/PULSAR_LostColony_Data/Mono/PhotonEncryptorPlugin
Fallback handler could not load library /home/josephtheengineer/var/lib/Steam/steamapps/common/PULSARLostColony/PULSAR_LostColony_Data/Mono/libPhotonEncryptorPlugin
Fallback handler could not load library /home/josephtheengineer/var/lib/Steam/steamapps/common/PULSARLostColony/PULSAR_LostColony_Data/Mono/libPhotonEncryptorPlugin.so
Fallback handler could not load library /home/josephtheengineer/var/lib/Steam/steamapps/common/PULSARLostColony/PULSAR_LostColony_Data/Mono/libPhotonEncryptorPlugin
The referenced script on this Behaviour (Game Object '<null>') is missing!
 
(Filename:  Line: 294)

The referenced script on this Behaviour (Game Object 'FreeCamera') is missing!
 
(Filename:  Line: 294)

The referenced script on this Behaviour (Game Object 'FreeCamera') is missing!
 
(Filename:  Line: 294)

SteamEnabled: True
 
(Filename: ./Runtime/Export/Debug.bindings.h Line: 45)

WwiseUnity: Wwise(R) SDK Version 2019.2.2 Build 7275.
 
(Filename: ./Runtime/Export/Debug.bindings.h Line: 45)

WwiseUnity: Setting Plugin DLL path to: /home/josephtheengineer/var/lib/Steam/steamapps/common/PULSARLostColony/PULSAR_LostColony_Data/Plugins/
 
(Filename: ./Runtime/Export/Debug.bindings.h Line: 45)

WwiseUnity: Sound engine initialized successfully.
 
(Filename: ./Runtime/Export/Debug.bindings.h Line: 45)

PULSAR Version: Beta 29.4
 
(Filename: ./Runtime/Export/Debug.bindings.h Line: 45)

[ACTk] Starting LoadAndParseAllowedAssemblies()
 
(Filename: ./Runtime/Export/Debug.bindings.h Line: 45)

[ACTk] Creating separator array and opening MemoryStream
 
(Filename: ./Runtime/Export/Debug.bindings.h Line: 45)

[ACTk] Allowed assemblies count from MS: 104
 
(Filename: ./Runtime/Export/Debug.bindings.h Line: 45)

[ACTk] Allowed Assemblies parsing duration: 4 ms.
 
(Filename: ./Runtime/Export/Debug.bindings.h Line: 45)

[ACTk] Currently loaded assembly:
mscorlib, Version=4.0.0.0, Culture=neutral, PublicKeyToken=b77a5c561934e089
 
(Filename: ./Runtime/Export/Debug.bindings.h Line: 45)

[ACTk] Currently loaded assembly:
UnityEngine, Version=0.0.0.0, Culture=neutral, PublicKeyToken=null
 
(Filename: ./Runtime/Export/Debug.bindings.h Line: 45)

[ACTk] Currently loaded assembly:
UnityEngine.AIModule, Version=0.0.0.0, Culture=neutral, PublicKeyToken=null
 
(Filename: ./Runtime/Export/Debug.bindings.h Line: 45)

[ACTk] Currently loaded assembly:
UnityEngine.ARModule, Version=0.0.0.0, Culture=neutral, PublicKeyToken=null
 
(Filename: ./Runtime/Export/Debug.bindings.h Line: 45)

[ACTk] Currently loaded assembly:
UnityEngine.AccessibilityModule, Version=0.0.0.0, Culture=neutral, PublicKeyToken=null
 
(Filename: ./Runtime/Export/Debug.bindings.h Line: 45)

[ACTk] Currently loaded assembly:
UnityEngine.AnimationModule, Version=0.0.0.0, Culture=neutral, PublicKeyToken=null
 
(Filename: ./Runtime/Export/Debug.bindings.h Line: 45)

[ACTk] Currently loaded assembly:
UnityEngine.AssetBundleModule, Version=0.0.0.0, Culture=neutral, PublicKeyToken=null
 
(Filename: ./Runtime/Export/Debug.bindings.h Line: 45)

[ACTk] Currently loaded assembly:
UnityEngine.AudioModule, Version=0.0.0.0, Culture=neutral, PublicKeyToken=null
 
(Filename: ./Runtime/Export/Debug.bindings.h Line: 45)

[ACTk] Currently loaded assembly:
UnityEngine.BaselibModule, Version=0.0.0.0, Culture=neutral, PublicKeyToken=null
 
(Filename: ./Runtime/Export/Debug.bindings.h Line: 45)

[ACTk] Currently loaded assembly:
UnityEngine.ClothModule, Version=0.0.0.0, Culture=neutral, PublicKeyToken=null
 
(Filename: ./Runtime/Export/Debug.bindings.h Line: 45)

[ACTk] Currently loaded assembly:
UnityEngine.ClusterInputModule, Version=0.0.0.0, Culture=neutral, PublicKeyToken=null
 
(Filename: ./Runtime/Export/Debug.bindings.h Line: 45)

[ACTk] Currently loaded assembly:
UnityEngine.ClusterRendererModule, Version=0.0.0.0, Culture=neutral, PublicKeyToken=null
 
(Filename: ./Runtime/Export/Debug.bindings.h Line: 45)

[ACTk] Currently loaded assembly:
UnityEngine.CoreModule, Version=0.0.0.0, Culture=neutral, PublicKeyToken=null
 
(Filename: ./Runtime/Export/Debug.bindings.h Line: 45)

[ACTk] Currently loaded assembly:
UnityEngine.CrashReportingModule, Version=0.0.0.0, Culture=neutral, PublicKeyToken=null
 
(Filename: ./Runtime/Export/Debug.bindings.h Line: 45)

[ACTk] Currently loaded assembly:
UnityEngine.DirectorModule, Version=0.0.0.0, Culture=neutral, PublicKeyToken=null
 
(Filename: ./Runtime/Export/Debug.bindings.h Line: 45)

[ACTk] Currently loaded assembly:
UnityEngine.FileSystemHttpModule, Version=0.0.0.0, Culture=neutral, PublicKeyToken=null
 
(Filename: ./Runtime/Export/Debug.bindings.h Line: 45)

[ACTk] Currently loaded assembly:
UnityEngine.GameCenterModule, Version=0.0.0.0, Culture=neutral, PublicKeyToken=null
 
(Filename: ./Runtime/Export/Debug.bindings.h Line: 45)

[ACTk] Currently loaded assembly:
UnityEngine.GridModule, Version=0.0.0.0, Culture=neutral, PublicKeyToken=null
 
(Filename: ./Runtime/Export/Debug.bindings.h Line: 45)

[ACTk] Currently loaded assembly:
UnityEngine.HotReloadModule, Version=0.0.0.0, Culture=neutral, PublicKeyToken=null
 
(Filename: ./Runtime/Export/Debug.bindings.h Line: 45)

[ACTk] Currently loaded assembly:
UnityEngine.IMGUIModule, Version=0.0.0.0, Culture=neutral, PublicKeyToken=null
 
(Filename: ./Runtime/Export/Debug.bindings.h Line: 45)

[ACTk] Currently loaded assembly:
UnityEngine.ImageConversionModule, Version=0.0.0.0, Culture=neutral, PublicKeyToken=null
 
(Filename: ./Runtime/Export/Debug.bindings.h Line: 45)

[ACTk] Currently loaded assembly:
UnityEngine.InputModule, Version=0.0.0.0, Culture=neutral, PublicKeyToken=null
 
(Filename: ./Runtime/Export/Debug.bindings.h Line: 45)

[ACTk] Currently loaded assembly:
UnityEngine.JSONSerializeModule, Version=0.0.0.0, Culture=neutral, PublicKeyToken=null
 
(Filename: ./Runtime/Export/Debug.bindings.h Line: 45)

[ACTk] Currently loaded assembly:
UnityEngine.LocalizationModule, Version=0.0.0.0, Culture=neutral, PublicKeyToken=null
 
(Filename: ./Runtime/Export/Debug.bindings.h Line: 45)

[ACTk] Currently loaded assembly:
UnityEngine.ParticleSystemModule, Version=0.0.0.0, Culture=neutral, PublicKeyToken=null
 
(Filename: ./Runtime/Export/Debug.bindings.h Line: 45)

[ACTk] Currently loaded assembly:
UnityEngine.PerformanceReportingModule, Version=0.0.0.0, Culture=neutral, PublicKeyToken=null
 
(Filename: ./Runtime/Export/Debug.bindings.h Line: 45)

[ACTk] Currently loaded assembly:
UnityEngine.PhysicsModule, Version=0.0.0.0, Culture=neutral, PublicKeyToken=null
 
(Filename: ./Runtime/Export/Debug.bindings.h Line: 45)

[ACTk] Currently loaded assembly:
UnityEngine.Physics2DModule, Version=0.0.0.0, Culture=neutral, PublicKeyToken=null
 
(Filename: ./Runtime/Export/Debug.bindings.h Line: 45)

[ACTk] Currently loaded assembly:
UnityEngine.ProfilerModule, Version=0.0.0.0, Culture=neutral, PublicKeyToken=null
 
(Filename: ./Runtime/Export/Debug.bindings.h Line: 45)

[ACTk] Currently loaded assembly:
UnityEngine.ScreenCaptureModule, Version=0.0.0.0, Culture=neutral, PublicKeyToken=null
 
(Filename: ./Runtime/Export/Debug.bindings.h Line: 45)

[ACTk] Currently loaded assembly:
UnityEngine.SharedInternalsModule, Version=0.0.0.0, Culture=neutral, PublicKeyToken=null
 
(Filename: ./Runtime/Export/Debug.bindings.h Line: 45)

[ACTk] Currently loaded assembly:
UnityEngine.SpatialTrackingModule, Version=0.0.0.0, Culture=neutral, PublicKeyToken=null
 
(Filename: ./Runtime/Export/Debug.bindings.h Line: 45)

[ACTk] Currently loaded assembly:
UnityEngine.SpriteMaskModule, Version=0.0.0.0, Culture=neutral, PublicKeyToken=null
 
(Filename: ./Runtime/Export/Debug.bindings.h Line: 45)

[ACTk] Currently loaded assembly:
UnityEngine.SpriteShapeModule, Version=0.0.0.0, Culture=neutral, PublicKeyToken=null
 
(Filename: ./Runtime/Export/Debug.bindings.h Line: 45)

[ACTk] Currently loaded assembly:
UnityEngine.StreamingModule, Version=0.0.0.0, Culture=neutral, PublicKeyToken=null
 
(Filename: ./Runtime/Export/Debug.bindings.h Line: 45)

[ACTk] Currently loaded assembly:
UnityEngine.StyleSheetsModule, Version=0.0.0.0, Culture=neutral, PublicKeyToken=null
 
(Filename: ./Runtime/Export/Debug.bindings.h Line: 45)

[ACTk] Currently loaded assembly:
UnityEngine.SubstanceModule, Version=0.0.0.0, Culture=neutral, PublicKeyToken=null
 
(Filename: ./Runtime/Export/Debug.bindings.h Line: 45)

[ACTk] Currently loaded assembly:
UnityEngine.TLSModule, Version=0.0.0.0, Culture=neutral, PublicKeyToken=null
 
(Filename: ./Runtime/Export/Debug.bindings.h Line: 45)

[ACTk] Currently loaded assembly:
UnityEngine.TerrainModule, Version=0.0.0.0, Culture=neutral, PublicKeyToken=null
 
(Filename: ./Runtime/Export/Debug.bindings.h Line: 45)

[ACTk] Currently loaded assembly:
UnityEngine.TerrainPhysicsModule, Version=0.0.0.0, Culture=neutral, PublicKeyToken=null
 
(Filename: ./Runtime/Export/Debug.bindings.h Line: 45)

[ACTk] Currently loaded assembly:
UnityEngine.TextCoreModule, Version=0.0.0.0, Culture=neutral, PublicKeyToken=null
 
(Filename: ./Runtime/Export/Debug.bindings.h Line: 45)

[ACTk] Currently loaded assembly:
UnityEngine.TextRenderingModule, Version=0.0.0.0, Culture=neutral, PublicKeyToken=null
 
(Filename: ./Runtime/Export/Debug.bindings.h Line: 45)

[ACTk] Currently loaded assembly:
UnityEngine.TilemapModule, Version=0.0.0.0, Culture=neutral, PublicKeyToken=null
 
(Filename: ./Runtime/Export/Debug.bindings.h Line: 45)

[ACTk] Currently loaded assembly:
UnityEngine.TimelineModule, Version=0.0.0.0, Culture=neutral, PublicKeyToken=null
 
(Filename: ./Runtime/Export/Debug.bindings.h Line: 45)

[ACTk] Currently loaded assembly:
UnityEngine.UIModule, Version=0.0.0.0, Culture=neutral, PublicKeyToken=null
 
(Filename: ./Runtime/Export/Debug.bindings.h Line: 45)

[ACTk] Currently loaded assembly:
UnityEngine.UIElementsModule, Version=0.0.0.0, Culture=neutral, PublicKeyToken=null
 
(Filename: ./Runtime/Export/Debug.bindings.h Line: 45)

[ACTk] Currently loaded assembly:
UnityEngine.UNETModule, Version=0.0.0.0, Culture=neutral, PublicKeyToken=null
 
(Filename: ./Runtime/Export/Debug.bindings.h Line: 45)

[ACTk] Currently loaded assembly:
UnityEngine.UmbraModule, Version=0.0.0.0, Culture=neutral, PublicKeyToken=null
 
(Filename: ./Runtime/Export/Debug.bindings.h Line: 45)

[ACTk] Currently loaded assembly:
UnityEngine.UnityAnalyticsModule, Version=0.0.0.0, Culture=neutral, PublicKeyToken=null
 
(Filename: ./Runtime/Export/Debug.bindings.h Line: 45)

[ACTk] Currently loaded assembly:
UnityEngine.UnityConnectModule, Version=0.0.0.0, Culture=neutral, PublicKeyToken=null
 
(Filename: ./Runtime/Export/Debug.bindings.h Line: 45)

[ACTk] Currently loaded assembly:
UnityEngine.UnityTestProtocolModule, Version=0.0.0.0, Culture=neutral, PublicKeyToken=null
 
(Filename: ./Runtime/Export/Debug.bindings.h Line: 45)

[ACTk] Currently loaded assembly:
UnityEngine.UnityWebRequestModule, Version=0.0.0.0, Culture=neutral, PublicKeyToken=null
 
(Filename: ./Runtime/Export/Debug.bindings.h Line: 45)

[ACTk] Currently loaded assembly:
UnityEngine.UnityWebRequestAssetBundleModule, Version=0.0.0.0, Culture=neutral, PublicKeyToken=null
 
(Filename: ./Runtime/Export/Debug.bindings.h Line: 45)

[ACTk] Currently loaded assembly:
UnityEngine.UnityWebRequestAudioModule, Version=0.0.0.0, Culture=neutral, PublicKeyToken=null
 
(Filename: ./Runtime/Export/Debug.bindings.h Line: 45)

[ACTk] Currently loaded assembly:
UnityEngine.UnityWebRequestTextureModule, Version=0.0.0.0, Culture=neutral, PublicKeyToken=null
 
(Filename: ./Runtime/Export/Debug.bindings.h Line: 45)

[ACTk] Currently loaded assembly:
UnityEngine.UnityWebRequestWWWModule, Version=0.0.0.0, Culture=neutral, PublicKeyToken=null
 
(Filename: ./Runtime/Export/Debug.bindings.h Line: 45)

[ACTk] Currently loaded assembly:
UnityEngine.VFXModule, Version=0.0.0.0, Culture=neutral, PublicKeyToken=null
 
(Filename: ./Runtime/Export/Debug.bindings.h Line: 45)

[ACTk] Currently loaded assembly:
UnityEngine.VRModule, Version=0.0.0.0, Culture=neutral, PublicKeyToken=null
 
(Filename: ./Runtime/Export/Debug.bindings.h Line: 45)

[ACTk] Currently loaded assembly:
UnityEngine.VehiclesModule, Version=0.0.0.0, Culture=neutral, PublicKeyToken=null
 
(Filename: ./Runtime/Export/Debug.bindings.h Line: 45)

[ACTk] Currently loaded assembly:
UnityEngine.VideoModule, Version=0.0.0.0, Culture=neutral, PublicKeyToken=null
 
(Filename: ./Runtime/Export/Debug.bindings.h Line: 45)

[ACTk] Currently loaded assembly:
UnityEngine.WindModule, Version=0.0.0.0, Culture=neutral, PublicKeyToken=null
 
(Filename: ./Runtime/Export/Debug.bindings.h Line: 45)

[ACTk] Currently loaded assembly:
UnityEngine.XRModule, Version=0.0.0.0, Culture=neutral, PublicKeyToken=null
 
(Filename: ./Runtime/Export/Debug.bindings.h Line: 45)

[ACTk] Currently loaded assembly:
System.Core, Version=4.0.0.0, Culture=neutral, PublicKeyToken=b77a5c561934e089
 
(Filename: ./Runtime/Export/Debug.bindings.h Line: 45)

[ACTk] Currently loaded assembly:
System, Version=4.0.0.0, Culture=neutral, PublicKeyToken=b77a5c561934e089
 
(Filename: ./Runtime/Export/Debug.bindings.h Line: 45)

[ACTk] Currently loaded assembly:
UnityEngine.UI, Version=1.0.0.0, Culture=neutral, PublicKeyToken=null
 
(Filename: ./Runtime/Export/Debug.bindings.h Line: 45)

[ACTk] Currently loaded assembly:
UnityEngine.Timeline, Version=1.0.0.0, Culture=neutral, PublicKeyToken=null
 
(Filename: ./Runtime/Export/Debug.bindings.h Line: 45)

[ACTk] Currently loaded assembly:
UnityEngine.Networking, Version=1.0.0.0, Culture=neutral, PublicKeyToken=null
 
(Filename: ./Runtime/Export/Debug.bindings.h Line: 45)

[ACTk] Currently loaded assembly:
UnityEngine.SpatialTracking, Version=0.0.0.0, Culture=neutral, PublicKeyToken=null
 
(Filename: ./Runtime/Export/Debug.bindings.h Line: 45)

[ACTk] Currently loaded assembly:
Assembly-CSharp-firstpass, Version=1.4.1.0, Culture=neutral, PublicKeyToken=null
 
(Filename: ./Runtime/Export/Debug.bindings.h Line: 45)

[ACTk] Currently loaded assembly:
Assembly-CSharp, Version=0.0.0.0, Culture=neutral, PublicKeyToken=null
 
(Filename: ./Runtime/Export/Debug.bindings.h Line: 45)

[ACTk] Currently loaded assembly:
ACTk.Examples.Genuine.Runtime, Version=0.0.0.0, Culture=neutral, PublicKeyToken=null
 
(Filename: ./Runtime/Export/Debug.bindings.h Line: 45)

[ACTk] Currently loaded assembly:
AstarPathfindingProject, Version=0.0.0.0, Culture=neutral, PublicKeyToken=null
 
(Filename: ./Runtime/Export/Debug.bindings.h Line: 45)

[ACTk] Currently loaded assembly:
PLInputBase, Version=0.0.0.0, Culture=neutral, PublicKeyToken=null
 
(Filename: ./Runtime/Export/Debug.bindings.h Line: 45)

[ACTk] Currently loaded assembly:
ACTk.Runtime, Version=0.0.0.0, Culture=neutral, PublicKeyToken=null
 
(Filename: ./Runtime/Export/Debug.bindings.h Line: 45)

[ACTk] Currently loaded assembly:
Unity.MemoryProfiler, Version=0.0.0.0, Culture=neutral, PublicKeyToken=null
 
(Filename: ./Runtime/Export/Debug.bindings.h Line: 45)

[ACTk] Currently loaded assembly:
Oculus.VR, Version=0.0.0.0, Culture=neutral, PublicKeyToken=null
 
(Filename: ./Runtime/Export/Debug.bindings.h Line: 45)

[ACTk] Currently loaded assembly:
Oculus.Platform, Version=0.0.0.0, Culture=neutral, PublicKeyToken=null
 
(Filename: ./Runtime/Export/Debug.bindings.h Line: 45)

[ACTk] Currently loaded assembly:
SteamVR_Actions, Version=0.0.0.0, Culture=neutral, PublicKeyToken=null
 
(Filename: ./Runtime/Export/Debug.bindings.h Line: 45)

[ACTk] Currently loaded assembly:
SteamVR, Version=0.0.0.0, Culture=neutral, PublicKeyToken=null
 
(Filename: ./Runtime/Export/Debug.bindings.h Line: 45)

[ACTk] Currently loaded assembly:
Unity.TextMeshPro, Version=0.0.0.0, Culture=neutral, PublicKeyToken=null
 
(Filename: ./Runtime/Export/Debug.bindings.h Line: 45)

[ACTk] Currently loaded assembly:
Unity.Analytics.DataPrivacy, Version=0.0.0.0, Culture=neutral, PublicKeyToken=null
 
(Filename: ./Runtime/Export/Debug.bindings.h Line: 45)

[ACTk] Currently loaded assembly:
ACTk.Examples.Runtime, Version=0.0.0.0, Culture=neutral, PublicKeyToken=null
 
(Filename: ./Runtime/Export/Debug.bindings.h Line: 45)

[ACTk] Currently loaded assembly:
CrewAILibraryBuild, Version=0.0.0.0, Culture=neutral, PublicKeyToken=null
 
(Filename: ./Runtime/Export/Debug.bindings.h Line: 45)

[ACTk] Currently loaded assembly:
PilotAIBuild, Version=0.0.0.0, Culture=neutral, PublicKeyToken=null
 
(Filename: ./Runtime/Export/Debug.bindings.h Line: 45)

[ACTk] Currently loaded assembly:
Pathfinding.ClipperLib, Version=1.0.0.0, Culture=neutral, PublicKeyToken=null
 
(Filename: ./Runtime/Export/Debug.bindings.h Line: 45)

[ACTk] Currently loaded assembly:
Pathfinding.Ionic.Zip.Reduced, Version=1.9.1.9000, Culture=neutral, PublicKeyToken=null
 
(Filename: ./Runtime/Export/Debug.bindings.h Line: 45)

[ACTk] Currently loaded assembly:
Pathfinding.Poly2Tri, Version=1.0.0.0, Culture=neutral, PublicKeyToken=null
 
(Filename: ./Runtime/Export/Debug.bindings.h Line: 45)

[ACTk] Currently loaded assembly:
HOTween, Version=1.0.0.0, Culture=neutral, PublicKeyToken=null
 
(Filename: ./Runtime/Export/Debug.bindings.h Line: 45)

[ACTk] Currently loaded assembly:
Photon3Unity3D, Version=4.1.4.1, Culture=neutral, PublicKeyToken=null
 
(Filename: ./Runtime/Export/Debug.bindings.h Line: 45)

[ACTk] Currently loaded assembly:
RestSharp, Version=104.4.0.0, Culture=neutral, PublicKeyToken=null
 
(Filename: ./Runtime/Export/Debug.bindings.h Line: 45)

[ACTk] Currently loaded assembly:
Behave.Unity.Assets, Version=0.0.0.0, Culture=neutral, PublicKeyToken=e615ca22040f207c
 
(Filename: ./Runtime/Export/Debug.bindings.h Line: 45)

[ACTk] Currently loaded assembly:
Behave.Unity.Runtime, Version=0.0.0.0, Culture=neutral, PublicKeyToken=e615ca22040f207c
 
(Filename: ./Runtime/Export/Debug.bindings.h Line: 45)

[ACTk] Currently loaded assembly:
protobuf-net, Version=2.0.0.668, Culture=neutral, PublicKeyToken=257b51d87d2e4d67
 
(Filename: ./Runtime/Export/Debug.bindings.h Line: 45)

[ACTk] Currently loaded assembly:
DecalSystem.Runtime, Version=1.4.1.0, Culture=neutral, PublicKeyToken=null
 
(Filename: ./Runtime/Export/Debug.bindings.h Line: 45)

[ACTk] Currently loaded assembly:
Valve.Newtonsoft.Json, Version=9.0.0.0, Culture=neutral, PublicKeyToken=null
 
(Filename: ./Runtime/Export/Debug.bindings.h Line: 45)

[ACTk] Currently loaded assembly:
Unity.Analytics.StandardEvents, Version=1.0.0.0, Culture=neutral, PublicKeyToken=null
 
(Filename: ./Runtime/Export/Debug.bindings.h Line: 45)

[ACTk] Currently loaded assembly:
System.Xml, Version=4.0.0.0, Culture=neutral, PublicKeyToken=b77a5c561934e089
 
(Filename: ./Runtime/Export/Debug.bindings.h Line: 45)

[ACTk] Currently loaded assembly:
Mono.Security, Version=4.0.0.0, Culture=neutral, PublicKeyToken=0738eb9f132ed756
 
(Filename: ./Runtime/Export/Debug.bindings.h Line: 45)

[ACTk] Currently loaded assembly:
System.Configuration, Version=4.0.0.0, Culture=neutral, PublicKeyToken=b03f5f7f11d50a3a
 
(Filename: ./Runtime/Export/Debug.bindings.h Line: 45)

[ACTk] Loaded assemblies scan duration: 8 ms.
 
(Filename: ./Runtime/Export/Debug.bindings.h Line: 45)

Parent of RectTransform is being set with parent property. Consider using the SetParent method instead, with the worldPositionStays argument set to false. This will retain local orientation and scale rather than world orientation and scale, which can prevent common UI scaling issues.
 
(Filename: ./Runtime/Export/Debug.bindings.h Line: 45)

Parent of RectTransform is being set with parent property. Consider using the SetParent method instead, with the worldPositionStays argument set to false. This will retain local orientation and scale rather than world orientation and scale, which can prevent common UI scaling issues.
 
(Filename: ./Runtime/Export/Debug.bindings.h Line: 45)

Canvas does not have an event camera attached. Attaching OVRCameraRig.centerEyeAnchor as default.
 
(Filename: ./Runtime/Export/Debug.bindings.h Line: 45)

CLA:/home/josephtheengineer/var/lib/Steam/steamapps/common/PULSARLostColony/PULSAR_LostColony.x86_64
 
(Filename: ./Runtime/Export/Debug.bindings.h Line: 45)

CLA:-enable_steam
 
(Filename: ./Runtime/Export/Debug.bindings.h Line: 45)

Saves/Prototype.plsaveComparing Steam Cloud Files Timestamp:      remote: 1592612870     local: 1592612870
 
(Filename: ./Runtime/Export/Debug.bindings.h Line: 45)

SteamCloud_SyncFileName_KeepLatest: remote and local file are synced!
 
(Filename: ./Runtime/Export/Debug.bindings.h Line: 45)

SyncFileName_KeepLatest:    inFileName:Saves/Prototype.plsave    fileExists: True    fileSize: 70871   steamRequestMade: True
 
(Filename: ./Runtime/Export/Debug.bindings.h Line: 45)

progress.dataComparing Steam Cloud Files Timestamp:      remote: 1592698402     local: 1592698402
 
(Filename: ./Runtime/Export/Debug.bindings.h Line: 45)

SteamCloud_SyncFileName_KeepLatest: remote and local file are synced!
 
(Filename: ./Runtime/Export/Debug.bindings.h Line: 45)

SyncFileName_KeepLatest:    inFileName:progress.data    fileExists: True    fileSize: 342   steamRequestMade: True
 
(Filename: ./Runtime/Export/Debug.bindings.h Line: 45)

Received stats and achievements from Steam

 
(Filename: ./Runtime/Export/Debug.bindings.h Line: 45)

SteamUserStats.GetAchievement failed for Achievement BISCUIT_COOKER
Is it registered in the Steam Partner site?
 
(Filename: ./Runtime/Export/Debug.bindings.h Line: 45)

Changing real window size to 1920 x 1080
Setting up downscaled viewport at 1280 x 720
ConnectToRegion: us
 
(Filename: ./Runtime/Export/Debug.bindings.h Line: 45)

resourcesFolder: /home/josephtheengineer/var/lib/Steam/steamapps/common/PULSARLostColony/PULSAR_LostColony_Data/
 
(Filename: ./Runtime/Export/Debug.bindings.h Line: 45)

ts3client_initClientLib: 0
 
(Filename: ./Runtime/Export/Debug.bindings.h Line: 45)

stored.aidataComparing Steam Cloud Files Timestamp:      remote: 1592659897     local: 1592659896
 
(Filename: ./Runtime/Export/Debug.bindings.h Line: 45)

SteamCloud_SyncFileName_KeepLatest: remote and local file are synced!
 
(Filename: ./Runtime/Export/Debug.bindings.h Line: 45)

SyncFileName_KeepLatest:    inFileName:stored.aidata    fileExists: True    fileSize: 15188   steamRequestMade: True
 
(Filename: ./Runtime/Export/Debug.bindings.h Line: 45)

Fallback handler could not load library /home/josephtheengineer/var/lib/Steam/steamapps/common/PULSARLostColony/PULSAR_LostColony_Data/Mono/libKernel32
Fallback handler could not load library /home/josephtheengineer/var/lib/Steam/steamapps/common/PULSARLostColony/PULSAR_LostColony_Data/Mono/libKernel32.so
Fallback handler could not load library /home/josephtheengineer/var/lib/Steam/steamapps/common/PULSARLostColony/PULSAR_LostColony_Data/Mono/Kernel32
Fallback handler could not load library /home/josephtheengineer/var/lib/Steam/steamapps/common/PULSARLostColony/PULSAR_LostColony_Data/Mono/libKernel32
Fallback handler could not load library /home/josephtheengineer/var/lib/Steam/steamapps/common/PULSARLostColony/PULSAR_LostColony_Data/Mono/libKernel32.so
Fallback handler could not load library /home/josephtheengineer/var/lib/Steam/steamapps/common/PULSARLostColony/PULSAR_LostColony_Data/Mono/libKernel32
ts3client_spawnNewServerConnectionHandler: 0    connectionHandler: 0
 
(Filename: ./Runtime/Export/Debug.bindings.h Line: 45)

ts3client_openCaptureDevice: 2321
 
(Filename: ./Runtime/Export/Debug.bindings.h Line: 45)

Saves/Prototype.plsaveComparing Steam Cloud Files Timestamp:      remote: 1592612870     local: 1592612870
 
(Filename: ./Runtime/Export/Debug.bindings.h Line: 45)

SteamCloud_SyncFileName_KeepLatest: remote and local file are synced!
 
(Filename: ./Runtime/Export/Debug.bindings.h Line: 45)

SyncFileName_KeepLatest:    inFileName:Saves/Prototype.plsave    fileExists: True    fileSize: 70871   steamRequestMade: True
 
(Filename: ./Runtime/Export/Debug.bindings.h Line: 45)

ts3client_openPlaybackDevice: 2321
 
(Filename: ./Runtime/Export/Debug.bindings.h Line: 45)

Saves/SC Dragon Interceptor 01.plsaveComparing Steam Cloud Files Timestamp:      remote: 1581839212     local: 1581839212
 
(Filename: ./Runtime/Export/Debug.bindings.h Line: 45)

SteamCloud_SyncFileName_KeepLatest: remote and local file are synced!
 
(Filename: ./Runtime/Export/Debug.bindings.h Line: 45)

SyncFileName_KeepLatest:    inFileName:Saves/SC Dragon Interceptor 01.plsave    fileExists: True    fileSize: 309133   steamRequestMade: True
 
(Filename: ./Runtime/Export/Debug.bindings.h Line: 45)

ts3client_startConnection: 0
 
(Filename: ./Runtime/Export/Debug.bindings.h Line: 45)

ts3client running
 
(Filename: ./Runtime/Export/Debug.bindings.h Line: 45)

onConnectStatusChangeEvent: 1 0
 
(Filename: ./Runtime/Export/Debug.bindings.h Line: 45)

Client_onConnectStatusChangeEvent: 1   newStatus: 1   errorNumber: 0
 
(Filename: ./Runtime/Export/Debug.bindings.h Line: 45)

Saves/SC Dragon Interceptor 02.plsaveComparing Steam Cloud Files Timestamp:      remote: 1581842565     local: 1581842564
 
(Filename: ./Runtime/Export/Debug.bindings.h Line: 45)

SteamCloud_SyncFileName_KeepLatest: remote and local file are synced!
 
(Filename: ./Runtime/Export/Debug.bindings.h Line: 45)

SyncFileName_KeepLatest:    inFileName:Saves/SC Dragon Interceptor 02.plsave    fileExists: True    fileSize: 312783   steamRequestMade: True
 
(Filename: ./Runtime/Export/Debug.bindings.h Line: 45)

onConnectStatusChangeEvent: 2 0
 
(Filename: ./Runtime/Export/Debug.bindings.h Line: 45)

Client_onConnectStatusChangeEvent: 1   newStatus: 1   errorNumber: 0
 
(Filename: ./Runtime/Export/Debug.bindings.h Line: 45)

onConnectStatusChangeEvent: 3 0
 
(Filename: ./Runtime/Export/Debug.bindings.h Line: 45)

Client_onConnectStatusChangeEvent: 1   newStatus: 1   errorNumber: 0
 
(Filename: ./Runtime/Export/Debug.bindings.h Line: 45)

onConnectStatusChangeEvent: 4 0
 
(Filename: ./Runtime/Export/Debug.bindings.h Line: 45)

Client_onConnectStatusChangeEvent: 1   newStatus: 1   errorNumber: 0
 
(Filename: ./Runtime/Export/Debug.bindings.h Line: 45)

Saves/LastRecoveredSave.plsaveComparing Steam Cloud Files Timestamp:      remote: 1582336791     local: 1582336791
 
(Filename: ./Runtime/Export/Debug.bindings.h Line: 45)

SteamCloud_SyncFileName_KeepLatest: remote and local file are synced!
 
(Filename: ./Runtime/Export/Debug.bindings.h Line: 45)

SyncFileName_KeepLatest:    inFileName:Saves/LastRecoveredSave.plsave    fileExists: True    fileSize: 304608   steamRequestMade: True
 
(Filename: ./Runtime/Export/Debug.bindings.h Line: 45)

Unloading 6 Unused Serialized files (Serialized files now loaded: 0)
UnloadTime: 1.293000 ms

Unloading 32 unused Assets to reduce memory usage. Loaded Objects now: 55116.
Total: 185.196000 ms (FindLiveObjects: 3.407000 ms CreateObjectMapping: 5.158000 ms MarkObjects: 175.052000 ms  DeleteObjects: 1.578000 ms)

Saves/LastRecoveredSaveDie.plsaveComparing Steam Cloud Files Timestamp:      remote: 1582347092     local: 1582347091
 
(Filename: ./Runtime/Export/Debug.bindings.h Line: 45)

SteamCloud_SyncFileName_KeepLatest: remote and local file are synced!
 
(Filename: ./Runtime/Export/Debug.bindings.h Line: 45)

SyncFileName_KeepLatest:    inFileName:Saves/LastRecoveredSaveDie.plsave    fileExists: True    fileSize: 304448   steamRequestMade: True
 
(Filename: ./Runtime/Export/Debug.bindings.h Line: 45)

Saves/Autosaves/autosave8.plsaveComparing Steam Cloud Files Timestamp:      remote: 1592566752     local: 1592566752
 
(Filename: ./Runtime/Export/Debug.bindings.h Line: 45)

SteamCloud_SyncFileName_KeepLatest: remote and local file are synced!
 
(Filename: ./Runtime/Export/Debug.bindings.h Line: 45)

SyncFileName_KeepLatest:    inFileName:Saves/Autosaves/autosave8.plsave    fileExists: True    fileSize: 268382   steamRequestMade: True
 
(Filename: ./Runtime/Export/Debug.bindings.h Line: 45)

Saves/Autosaves/autosave9.plsaveComparing Steam Cloud Files Timestamp:      remote: 1592567196     local: 1592567196
 
(Filename: ./Runtime/Export/Debug.bindings.h Line: 45)

SteamCloud_SyncFileName_KeepLatest: remote and local file are synced!
 
(Filename: ./Runtime/Export/Debug.bindings.h Line: 45)

SyncFileName_KeepLatest:    inFileName:Saves/Autosaves/autosave9.plsave    fileExists: True    fileSize: 268109   steamRequestMade: True
 
(Filename: ./Runtime/Export/Debug.bindings.h Line: 45)

Saves/Autosaves/autosave2.plsaveComparing Steam Cloud Files Timestamp:      remote: 1592568529     local: 1592568529
 
(Filename: ./Runtime/Export/Debug.bindings.h Line: 45)

SteamCloud_SyncFileName_KeepLatest: remote and local file are synced!
 
(Filename: ./Runtime/Export/Debug.bindings.h Line: 45)

SyncFileName_KeepLatest:    inFileName:Saves/Autosaves/autosave2.plsave    fileExists: True    fileSize: 268395   steamRequestMade: True
 
(Filename: ./Runtime/Export/Debug.bindings.h Line: 45)

Saves/Autosaves/autosave3.plsaveComparing Steam Cloud Files Timestamp:      remote: 1592569191     local: 1592569191
 
(Filename: ./Runtime/Export/Debug.bindings.h Line: 45)

SteamCloud_SyncFileName_KeepLatest: remote and local file are synced!
 
(Filename: ./Runtime/Export/Debug.bindings.h Line: 45)

SyncFileName_KeepLatest:    inFileName:Saves/Autosaves/autosave3.plsave    fileExists: True    fileSize: 266137   steamRequestMade: True
 
(Filename: ./Runtime/Export/Debug.bindings.h Line: 45)

Saves/Autosaves/autosave4.plsaveComparing Steam Cloud Files Timestamp:      remote: 1592569635     local: 1592569635
 
(Filename: ./Runtime/Export/Debug.bindings.h Line: 45)

SteamCloud_SyncFileName_KeepLatest: remote and local file are synced!
 
(Filename: ./Runtime/Export/Debug.bindings.h Line: 45)

SyncFileName_KeepLatest:    inFileName:Saves/Autosaves/autosave4.plsave    fileExists: True    fileSize: 266485   steamRequestMade: True
 
(Filename: ./Runtime/Export/Debug.bindings.h Line: 45)

Saves/Autosaves/autosave5.plsaveComparing Steam Cloud Files Timestamp:      remote: 1592570079     local: 1592570078
 
(Filename: ./Runtime/Export/Debug.bindings.h Line: 45)

SteamCloud_SyncFileName_KeepLatest: remote and local file are synced!
 
(Filename: ./Runtime/Export/Debug.bindings.h Line: 45)

SyncFileName_KeepLatest:    inFileName:Saves/Autosaves/autosave5.plsave    fileExists: True    fileSize: 266438   steamRequestMade: True
 
(Filename: ./Runtime/Export/Debug.bindings.h Line: 45)

Saves/Autosaves/autosave6.plsaveComparing Steam Cloud Files Timestamp:      remote: 1592570960     local: 1592570960
 
(Filename: ./Runtime/Export/Debug.bindings.h Line: 45)

SteamCloud_SyncFileName_KeepLatest: remote and local file are synced!
 
(Filename: ./Runtime/Export/Debug.bindings.h Line: 45)

SyncFileName_KeepLatest:    inFileName:Saves/Autosaves/autosave6.plsave    fileExists: True    fileSize: 265790   steamRequestMade: True
 
(Filename: ./Runtime/Export/Debug.bindings.h Line: 45)

Saves/Autosaves/autosave7.plsaveComparing Steam Cloud Files Timestamp:      remote: 1592571559     local: 1592571558
 
(Filename: ./Runtime/Export/Debug.bindings.h Line: 45)

SteamCloud_SyncFileName_KeepLatest: remote and local file are synced!
 
(Filename: ./Runtime/Export/Debug.bindings.h Line: 45)

SyncFileName_KeepLatest:    inFileName:Saves/Autosaves/autosave7.plsave    fileExists: True    fileSize: 266506   steamRequestMade: True
 
(Filename: ./Runtime/Export/Debug.bindings.h Line: 45)

Saves/Autosaves/prototype2.plsaveComparing Steam Cloud Files Timestamp:      remote: 1592571949     local: 1592571948
 
(Filename: ./Runtime/Export/Debug.bindings.h Line: 45)

SteamCloud_SyncFileName_KeepLatest: remote and local file are synced!
 
(Filename: ./Runtime/Export/Debug.bindings.h Line: 45)

SyncFileName_KeepLatest:    inFileName:Saves/Autosaves/prototype2.plsave    fileExists: True    fileSize: 266586   steamRequestMade: True
 
(Filename: ./Runtime/Export/Debug.bindings.h Line: 45)

Saves/Autosaves/autosave0.plsaveComparing Steam Cloud Files Timestamp:      remote: 1592613415     local: 1592613415
 
(Filename: ./Runtime/Export/Debug.bindings.h Line: 45)

SteamCloud_SyncFileName_KeepLatest: remote and local file are synced!
 
(Filename: ./Runtime/Export/Debug.bindings.h Line: 45)

SyncFileName_KeepLatest:    inFileName:Saves/Autosaves/autosave0.plsave    fileExists: True    fileSize: 267262   steamRequestMade: True
 
(Filename: ./Runtime/Export/Debug.bindings.h Line: 45)

Saves/Autosaves/autosave1.plsaveComparing Steam Cloud Files Timestamp:      remote: 1592613859     local: 1592613858
 
(Filename: ./Runtime/Export/Debug.bindings.h Line: 45)

SteamCloud_SyncFileName_KeepLatest: remote and local file are synced!
 
(Filename: ./Runtime/Export/Debug.bindings.h Line: 45)

SyncFileName_KeepLatest:    inFileName:Saves/Autosaves/autosave1.plsave    fileExists: True    fileSize: 267045   steamRequestMade: True
 
(Filename: ./Runtime/Export/Debug.bindings.h Line: 45)

OnCreatedRoom
 
(Filename: ./Runtime/Export/Debug.bindings.h Line: 45)

Server initialized
 
(Filename: ./Runtime/Export/Debug.bindings.h Line: 45)

ServerWaitForHubIDAndLoadLevel
 
(Filename: ./Runtime/Export/Debug.bindings.h Line: 45)

890fV: Not masterclient!
 
(Filename: ./Runtime/Export/Debug.bindings.h Line: 45)

890fV: Not connectedAndReady!
 
(Filename: ./Runtime/Export/Debug.bindings.h Line: 45)

890fV: Not inRoom!
 
(Filename: ./Runtime/Export/Debug.bindings.h Line: 45)

890fV: Not masterclient!
 
(Filename: ./Runtime/Export/Debug.bindings.h Line: 45)

890fV: Not connectedAndReady!
 
(Filename: ./Runtime/Export/Debug.bindings.h Line: 45)

890fV: Not inRoom!
 
(Filename: ./Runtime/Export/Debug.bindings.h Line: 45)

OnJoinedRoom
 
(Filename: ./Runtime/Export/Debug.bindings.h Line: 45)

Unloading 6 Unused Serialized files (Serialized files now loaded: 0)
UnloadTime: 2.959000 ms
InitGameCustomLoadFunction     LevelID 2
 
(Filename: ./Runtime/Export/Debug.bindings.h Line: 45)

about to call UnloadUnusedAssets
 
(Filename: ./Runtime/Export/Debug.bindings.h Line: 45)


Unloading 52 unused Assets to reduce memory usage. Loaded Objects now: 61889.
Total: 196.303000 ms (FindLiveObjects: 25.141000 ms CreateObjectMapping: 7.324000 ms MarkObjects: 162.550000 ms  DeleteObjects: 1.286000 ms)

Unloading 0 Unused Serialized files (Serialized files now loaded: 0)

Unloading 2 unused Assets to reduce memory usage. Loaded Objects now: 61892.
Total: 176.368000 ms (FindLiveObjects: 18.719000 ms CreateObjectMapping: 11.673000 ms MarkObjects: 145.717000 ms  DeleteObjects: 0.258000 ms)

1911315927 - LoadedHubID: 1541
 
(Filename: ./Runtime/Export/Debug.bindings.h Line: 45)

DontDestroyOnLoad only work for root GameObjects or components on root GameObjects.
 
(Filename:  Line: 543)

AngryAnt Behave version 2.7.6 (a0255f1) - Copyright (C) Emil Johansen - AngryAnt 2016
 
(Filename: ./Runtime/Export/Debug.bindings.h Line: 45)

SpawnPlayerShip
 
(Filename: ./Runtime/Export/Debug.bindings.h Line: 45)

The AnimationClip 'Open' used by the Animation component 'ScrapperTurret(Clone)' must be marked as Legacy.
 
(Filename:  Line: 2029)

The AnimationClip 'OverHeat' used by the Animation component 'ScrapperTurret(Clone)' must be marked as Legacy.
 
(Filename:  Line: 2029)

The AnimationClip 'CoolDown' used by the Animation component 'ScrapperTurret(Clone)' must be marked as Legacy.
 
(Filename:  Line: 2029)

Default clip could not be found in attached animations list.
 
(Filename:  Line: 402)

The AnimationClip 'Open' used by the Animation component 'ScrapperTurret(Clone)' must be marked as Legacy.
 
(Filename:  Line: 2029)

The AnimationClip 'OverHeat' used by the Animation component 'ScrapperTurret(Clone)' must be marked as Legacy.
 
(Filename:  Line: 2029)

The AnimationClip 'CoolDown' used by the Animation component 'ScrapperTurret(Clone)' must be marked as Legacy.
 
(Filename:  Line: 2029)

Default clip could not be found in attached animations list.
 
(Filename:  Line: 402)

CLEAR UpdateHailTargets !m_AllHailingTargets.Contains(prevSelectedHailTarget): 0
 
(Filename: ./Runtime/Export/Debug.bindings.h Line: 45)

Upgrading serialized pathfinding data from version 3.8.6 to 4.2.15
This is usually fine, it just means you have upgraded to a new version.
However node data (not settings) can get corrupted between versions (even though I try my best to keep compatibility), so it is recommended to recalculate any caches (those for faster startup) and resave any files. Even if it seems to load fine, it might cause subtle bugs.

 
(Filename: ./Runtime/Export/Debug.bindings.h Line: 45)

OnLeaveGame
 
(Filename: ./Runtime/Export/Debug.bindings.h Line: 45)

GameOver
 
(Filename: ./Runtime/Export/Debug.bindings.h Line: 45)

WD_Annihilator(Clone): AboutToBeDestroyed()
 
(Filename: ./Runtime/Export/Debug.bindings.h Line: 45)

WD_Annihilator(Clone): AboutToBeDestroyed()
 
(Filename: ./Runtime/Export/Debug.bindings.h Line: 45)

Unloading 5 Unused Serialized files (Serialized files now loaded: 0)
UnloadTime: 4.511000 ms

Unloading 610 unused Assets to reduce memory usage. Loaded Objects now: 61269.
Total: 175.338000 ms (FindLiveObjects: 4.539000 ms CreateObjectMapping: 5.849000 ms MarkObjects: 161.316000 ms  DeleteObjects: 3.632000 ms)

ResetUIToCurrent
 
(Filename: ./Runtime/Export/Debug.bindings.h Line: 45)

SetSteamAuthTicket     steamServerAccountID: 186126681
 
(Filename: ./Runtime/Export/Debug.bindings.h Line: 45)

GetAuthSessionTicket
 
(Filename: ./Runtime/Export/Debug.bindings.h Line: 45)

GetAuthSessionTicket: 5
 
(Filename: ./Runtime/Export/Debug.bindings.h Line: 45)

OnGetAuthSessionResponse
 
(Filename: ./Runtime/Export/Debug.bindings.h Line: 45)

Got AuthSessionTicket successfully
 
(Filename: ./Runtime/Export/Debug.bindings.h Line: 45)

OnJoinedRoom
 
(Filename: ./Runtime/Export/Debug.bindings.h Line: 45)

Ev Destroy Failed. Could not find PhotonView with instantiationId 15. Sent by actorNr: 0
 
(Filename: ./Runtime/Export/Debug.bindings.h Line: 45)

Ev Destroy Failed. Could not find PhotonView with instantiationId 15. Sent by actorNr: 0
 
(Filename: ./Runtime/Export/Debug.bindings.h Line: 45)

Received OnSerialization for view ID 1. We have no such PhotonView! Ignored this if you're leaving a room. State: Joined
 
(Filename: ./Runtime/Export/Debug.bindings.h Line: 45)

Received OnSerialization for view ID 1. We have no such PhotonView! Ignored this if you're leaving a room. State: Joined
 
(Filename: ./Runtime/Export/Debug.bindings.h Line: 45)

Received OnSerialization for view ID 1. We have no such PhotonView! Ignored this if you're leaving a room. State: Joined
 
(Filename: ./Runtime/Export/Debug.bindings.h Line: 45)

Received OnSerialization for view ID 1. We have no such PhotonView! Ignored this if you're leaving a room. State: Joined
 
(Filename: ./Runtime/Export/Debug.bindings.h Line: 45)

Received OnSerialization for view ID 1. We have no such PhotonView! Ignored this if you're leaving a room. State: Joined
 
(Filename: ./Runtime/Export/Debug.bindings.h Line: 45)

Received OnSerialization for view ID 1. We have no such PhotonView! Ignored this if you're leaving a room. State: Joined
 
(Filename: ./Runtime/Export/Debug.bindings.h Line: 45)

Received OnSerialization for view ID 1. We have no such PhotonView! Ignored this if you're leaving a room. State: Joined
 
(Filename: ./Runtime/Export/Debug.bindings.h Line: 45)

Received OnSerialization for view ID 1. We have no such PhotonView! Ignored this if you're leaving a room. State: Joined
 
(Filename: ./Runtime/Export/Debug.bindings.h Line: 45)

Received OnSerialization for view ID 1. We have no such PhotonView! Ignored this if you're leaving a room. State: Joined
 
(Filename: ./Runtime/Export/Debug.bindings.h Line: 45)

Received OnSerialization for view ID 1. We have no such PhotonView! Ignored this if you're leaving a room. State: Joined
 
(Filename: ./Runtime/Export/Debug.bindings.h Line: 45)

Attempting to get verified
 
(Filename: ./Runtime/Export/Debug.bindings.h Line: 45)

I'm verified!
 
(Filename: ./Runtime/Export/Debug.bindings.h Line: 45)

Received OnSerialization for view ID 1. We have no such PhotonView! Ignored this if you're leaving a room. State: Joined
 
(Filename: ./Runtime/Export/Debug.bindings.h Line: 45)

Received OnSerialization for view ID 1. We have no such PhotonView! Ignored this if you're leaving a room. State: Joined
 
(Filename: ./Runtime/Export/Debug.bindings.h Line: 45)

Sending TellServerClientIsReadyForUpdates   m_InventoryID:0
 
(Filename: ./Runtime/Export/Debug.bindings.h Line: 45)

Sending TellServerClientIsReadyForUpdates   m_InventoryID:1
 
(Filename: ./Runtime/Export/Debug.bindings.h Line: 45)

Sending TellServerClientIsReadyForUpdates   m_InventoryID:2
 
(Filename: ./Runtime/Export/Debug.bindings.h Line: 45)

Sending TellServerClientIsReadyForUpdates   m_InventoryID:3
 
(Filename: ./Runtime/Export/Debug.bindings.h Line: 45)

Sending TellServerClientIsReadyForUpdates   m_InventoryID:4
 
(Filename: ./Runtime/Export/Debug.bindings.h Line: 45)

Sending TellServerClientIsReadyForUpdates   m_InventoryID:5
 
(Filename: ./Runtime/Export/Debug.bindings.h Line: 45)

Sending TellServerClientIsReadyForUpdates   m_InventoryID:31
 
(Filename: ./Runtime/Export/Debug.bindings.h Line: 45)

Sending TellServerClientIsReadyForUpdates   m_InventoryID:99
 
(Filename: ./Runtime/Export/Debug.bindings.h Line: 45)

Sending TellServerClientIsReadyForUpdates   m_InventoryID:6
 
(Filename: ./Runtime/Export/Debug.bindings.h Line: 45)

Sending TellServerClientIsReadyForUpdates   m_InventoryID:100
 
(Filename: ./Runtime/Export/Debug.bindings.h Line: 45)

Received OnSerialization for view ID 1. We have no such PhotonView! Ignored this if you're leaving a room. State: Joined
 
(Filename: ./Runtime/Export/Debug.bindings.h Line: 45)

The AnimationClip 'Open' used by the Animation component 'LaserTurret(Clone)' must be marked as Legacy.
 
(Filename:  Line: 2029)

The AnimationClip 'OverHeat' used by the Animation component 'LaserTurret(Clone)' must be marked as Legacy.
 
(Filename:  Line: 2029)

The AnimationClip 'CoolDown' used by the Animation component 'LaserTurret(Clone)' must be marked as Legacy.
 
(Filename:  Line: 2029)

Default clip could not be found in attached animations list.
 
(Filename:  Line: 402)

Received OnSerialization for view ID 1. We have no such PhotonView! Ignored this if you're leaving a room. State: Joined
 
(Filename: ./Runtime/Export/Debug.bindings.h Line: 45)

Received OnSerialization for view ID 1. We have no such PhotonView! Ignored this if you're leaving a room. State: Joined
 
(Filename: ./Runtime/Export/Debug.bindings.h Line: 45)

Received OnSerialization for view ID 1. We have no such PhotonView! Ignored this if you're leaving a room. State: Joined
 
(Filename: ./Runtime/Export/Debug.bindings.h Line: 45)

Received OnSerialization for view ID 1. We have no such PhotonView! Ignored this if you're leaving a room. State: Joined
 
(Filename: ./Runtime/Export/Debug.bindings.h Line: 45)

Parent of RectTransform is being set with parent property. Consider using the SetParent method instead, with the worldPositionStays argument set to false. This will retain local orientation and scale rather than world orientation and scale, which can prevent common UI scaling issues.
 
(Filename: ./Runtime/Export/Debug.bindings.h Line: 45)

Parent of RectTransform is being set with parent property. Consider using the SetParent method instead, with the worldPositionStays argument set to false. This will retain local orientation and scale rather than world orientation and scale, which can prevent common UI scaling issues.
 
(Filename: ./Runtime/Export/Debug.bindings.h Line: 45)

Received OnSerialization for view ID 1. We have no such PhotonView! Ignored this if you're leaving a room. State: Joined
 
(Filename: ./Runtime/Export/Debug.bindings.h Line: 45)

Parent of RectTransform is being set with parent property. Consider using the SetParent method instead, with the worldPositionStays argument set to false. This will retain local orientation and scale rather than world orientation and scale, which can prevent common UI scaling issues.
 
(Filename: ./Runtime/Export/Debug.bindings.h Line: 45)

Parent of RectTransform is being set with parent property. Consider using the SetParent method instead, with the worldPositionStays argument set to false. This will retain local orientation and scale rather than world orientation and scale, which can prevent common UI scaling issues.
 
(Filename: ./Runtime/Export/Debug.bindings.h Line: 45)

Received OnSerialization for view ID 1. We have no such PhotonView! Ignored this if you're leaving a room. State: Joined
 
(Filename: ./Runtime/Export/Debug.bindings.h Line: 45)

Parent of RectTransform is being set with parent property. Consider using the SetParent method instead, with the worldPositionStays argument set to false. This will retain local orientation and scale rather than world orientation and scale, which can prevent common UI scaling issues.
 
(Filename: ./Runtime/Export/Debug.bindings.h Line: 45)

Parent of RectTransform is being set with parent property. Consider using the SetParent method instead, with the worldPositionStays argument set to false. This will retain local orientation and scale rather than world orientation and scale, which can prevent common UI scaling issues.
 
(Filename: ./Runtime/Export/Debug.bindings.h Line: 45)

Unloading 8 Unused Serialized files (Serialized files now loaded: 0)
UnloadTime: 4.176000 ms
InitGameCustomLoadFunction     LevelID 5
 
(Filename: ./Runtime/Export/Debug.bindings.h Line: 45)

about to call UnloadUnusedAssets
 
(Filename: ./Runtime/Export/Debug.bindings.h Line: 45)


Unloading 319 unused Assets to reduce memory usage. Loaded Objects now: 73590.
Total: 206.794000 ms (FindLiveObjects: 26.908000 ms CreateObjectMapping: 7.538000 ms MarkObjects: 164.454000 ms  DeleteObjects: 7.894000 ms)

Unloading 0 Unused Serialized files (Serialized files now loaded: 0)
resetting position to TargetPos! (HandleMoveForOtherPlayerNetworkedMovement)
 
(Filename: ./Runtime/Export/Debug.bindings.h Line: 45)


Unloading 5 unused Assets to reduce memory usage. Loaded Objects now: 73793.
Total: 191.614000 ms (FindLiveObjects: 28.178000 ms CreateObjectMapping: 6.762000 ms MarkObjects: 155.902000 ms  DeleteObjects: 0.771000 ms)

2004058507 - LoadedHubID: 1130
 
(Filename: ./Runtime/Export/Debug.bindings.h Line: 45)

DontDestroyOnLoad only work for root GameObjects or components on root GameObjects.
 
(Filename:  Line: 543)

resetting position to TargetPos! (HandleMoveForOtherPlayerNetworkedMovement)
 
(Filename: ./Runtime/Export/Debug.bindings.h Line: 45)

SteamCloud_WriteFileName   inFileName: progress.data
 
(Filename: ./Runtime/Export/Debug.bindings.h Line: 45)

Calling FileWriteAsync   inFileName : progress.data    file.Name: /home/josephtheengineer/var/lib/Steam/steamapps/common/PULSARLostColony/progress.data     fileLength: 342   readResultBytes: 342
 
(Filename: ./Runtime/Export/Debug.bindings.h Line: 45)

Calling FileWriteAsync: success
 
(Filename: ./Runtime/Export/Debug.bindings.h Line: 45)

SafeSyncTimestampOnLocalFileToRemote  : progress.data
 
(Filename: ./Runtime/Export/Debug.bindings.h Line: 45)

timeStampRemote == 1592698999
 
(Filename: ./Runtime/Export/Debug.bindings.h Line: 45)

